2019-02-16 20:45:00,853  INFO: 启动CTA策略运行子进程
2019-02-16 20:45:00,853  INFO: 事件引擎创建成功
2019-02-16 20:45:00,866  INFO: 主引擎创建成功
2019-02-16 20:45:00,867  INFO: 注册日志事件监听
2019-02-16 20:45:00,871  INFO: 连接CTP接口
2019-02-16 20:45:00,872  INFO: MAIN_ENGINE	MongoDB连接成功
2019-02-16 20:45:00,905  INFO: CTP	行情服务器连接成功
2019-02-16 20:45:00,906  INFO: CTP	交易服务器连接成功
2019-02-16 20:45:00,939  INFO: CTP	行情服务器登录完成
2019-02-16 20:45:00,942  INFO: CTP	交易服务器登录完成
2019-02-16 20:45:00,977  INFO: CTP	结算信息确认完成
2019-02-16 20:45:01,161  INFO: CTP	交易合约信息获取完成
2019-02-16 20:45:10,891  INFO: CTA策略载入成功
2019-02-16 20:45:10,900  INFO: CTA_STRATEGY	BollFltStrategy_ni_15min:BollFltStrategy_ni_15min策略初始化
2019-02-16 20:45:10,900  INFO: CTA_STRATEGY	BollFltStrategy_ni_15min:BollFltStrategy_ni_15min读取合约参数
2019-02-16 20:45:11,583  INFO: CTA_STRATEGY	BollFltStrategy_ZC_30min:BollFltStrategy_ZC_30min策略初始化
2019-02-16 20:45:11,583  INFO: CTA_STRATEGY	BollFltStrategy_ZC_30min:BollFltStrategy_ZC_30min读取合约参数
2019-02-16 20:45:12,100  INFO: CTA_STRATEGY	DoubleMaStrategy_bu_Daily:DoubleMaStrategy_bu_Daily策略初始化
2019-02-16 20:45:12,101  INFO: CTA_STRATEGY	DoubleMaStrategy_bu_Daily:DoubleMaStrategy_bu_Daily读取合约参数
2019-02-16 20:45:12,741  INFO: CTA_STRATEGY	DoubleMaStrategy_hc_15min:DoubleMaStrategy_hc_15min策略初始化
2019-02-16 20:45:12,741  INFO: CTA_STRATEGY	DoubleMaStrategy_hc_15min:DoubleMaStrategy_hc_15min读取合约参数
2019-02-16 20:45:13,224  INFO: CTA_STRATEGY	DoubleMaStrategy_TA_15min:DoubleMaStrategy_TA_15min策略初始化
2019-02-16 20:45:13,225  INFO: CTA_STRATEGY	DoubleMaStrategy_TA_15min:DoubleMaStrategy_TA_15min读取合约参数
2019-02-16 20:45:13,767  INFO: CTA_STRATEGY	BollFltStrategy_i_15min:BollFltStrategy_i_15min策略初始化
2019-02-16 20:45:13,767  INFO: CTA_STRATEGY	BollFltStrategy_i_15min:BollFltStrategy_i_15min读取合约参数
2019-02-16 20:45:14,401  INFO: CTA_STRATEGY	BollFltStrategy_jd_15min:BollFltStrategy_jd_15min策略初始化
2019-02-16 20:45:14,401  INFO: CTA_STRATEGY	BollFltStrategy_jd_15min:BollFltStrategy_jd_15min读取合约参数
2019-02-16 20:45:14,745  INFO: CTA_STRATEGY	BollFltStrategy_rb_15min:BollFltStrategy_rb_15min策略初始化
2019-02-16 20:45:14,746  INFO: CTA_STRATEGY	BollFltStrategy_rb_15min:BollFltStrategy_rb_15min读取合约参数
2019-02-16 20:45:15,340  INFO: CTA_STRATEGY	DoubleMaStrategy_MA_Daily:DoubleMaStrategy_MA_Daily策略初始化
2019-02-16 20:45:15,341  INFO: CTA_STRATEGY	DoubleMaStrategy_MA_Daily:DoubleMaStrategy_MA_Daily读取合约参数
2019-02-16 20:45:15,780  INFO: CTA_STRATEGY	DoubleMaStrategy_SR_15min:DoubleMaStrategy_SR_15min策略初始化
2019-02-16 20:45:15,781  INFO: CTA_STRATEGY	DoubleMaStrategy_SR_15min:DoubleMaStrategy_SR_15min读取合约参数
2019-02-16 20:45:16,313  INFO: CTA_STRATEGY	BollFltStrategy_c_Daily:BollFltStrategy_c_Daily策略初始化
2019-02-16 20:45:16,314  INFO: CTA_STRATEGY	BollFltStrategy_c_Daily:BollFltStrategy_c_Daily读取合约参数
2019-02-16 20:45:16,952  INFO: CTA_STRATEGY	BollFltStrategy_fu_15min:BollFltStrategy_fu_15min策略初始化
2019-02-16 20:45:16,953  INFO: CTA_STRATEGY	BollFltStrategy_fu_15min:BollFltStrategy_fu_15min读取合约参数
2019-02-16 20:45:17,531  INFO: CTA策略初始化成功
2019-02-16 20:45:17,531  INFO: CTA策略启动成功
2019-02-16 20:45:17,532  INFO: CTA_STRATEGY	BollFltStrategy_ni_15min:BollFltStrategy_ni_15min策略启动
2019-02-16 20:45:17,532  INFO: CTA_STRATEGY	BollFltStrategy_ZC_30min:BollFltStrategy_ZC_30min策略启动
2019-02-16 20:45:17,532  INFO: CTA_STRATEGY	DoubleMaStrategy_bu_Daily:DoubleMaStrategy_bu_Daily策略启动
2019-02-16 20:45:17,532  INFO: CTA_STRATEGY	DoubleMaStrategy_hc_15min:DoubleMaStrategy_hc_15min策略启动
2019-02-16 20:45:17,532  INFO: CTA_STRATEGY	DoubleMaStrategy_TA_15min:DoubleMaStrategy_TA_15min策略启动
2019-02-16 20:45:17,532  INFO: CTA_STRATEGY	BollFltStrategy_i_15min:BollFltStrategy_i_15min策略启动
2019-02-16 20:45:17,532  INFO: CTA_STRATEGY	BollFltStrategy_jd_15min:BollFltStrategy_jd_15min策略启动
2019-02-16 20:45:17,532  INFO: CTA_STRATEGY	BollFltStrategy_rb_15min:BollFltStrategy_rb_15min策略启动
2019-02-16 20:45:17,533  INFO: CTA_STRATEGY	DoubleMaStrategy_MA_Daily:DoubleMaStrategy_MA_Daily策略启动
2019-02-16 20:45:17,533  INFO: CTA_STRATEGY	DoubleMaStrategy_SR_15min:DoubleMaStrategy_SR_15min策略启动
2019-02-16 20:45:17,533  INFO: CTA_STRATEGY	BollFltStrategy_c_Daily:BollFltStrategy_c_Daily策略启动
2019-02-16 20:45:17,533  INFO: CTA_STRATEGY	BollFltStrategy_fu_15min:BollFltStrategy_fu_15min策略启动
2019-02-16 23:01:37,699  INFO: CTP	行情服务器连接断开
2019-02-16 23:01:37,733  INFO: CTP	行情服务器连接成功
2019-02-16 23:01:37,767  INFO: CTP	行情服务器登录完成
2019-02-16 23:02:01,766  INFO: CTP	交易服务器连接断开
2019-02-16 23:02:01,785  INFO: CTP	交易服务器连接成功
2019-02-16 23:02:01,818  INFO: CTP	交易服务器登录完成
2019-02-16 23:02:01,853  INFO: CTP	结算信息确认完成
2019-02-16 23:02:01,988  INFO: CTP	交易合约信息获取完成
