2019-02-23 20:45:02,755  INFO: 启动CTA策略运行子进程
2019-02-23 20:45:02,756  INFO: 事件引擎创建成功
2019-02-23 20:45:02,767  INFO: 主引擎创建成功
2019-02-23 20:45:02,767  INFO: 注册日志事件监听
2019-02-23 20:45:02,772  INFO: 连接CTP接口
2019-02-23 20:45:02,775  INFO: MAIN_ENGINE	MongoDB连接成功
2019-02-23 20:45:02,808  INFO: CTP	行情服务器连接成功
2019-02-23 20:45:02,809  INFO: CTP	交易服务器连接成功
2019-02-23 20:45:02,842  INFO: CTP	行情服务器登录完成
2019-02-23 20:45:02,843  INFO: CTP	交易服务器登录完成
2019-02-23 20:45:02,908  INFO: CTP	结算信息确认完成
2019-02-23 20:45:03,426  INFO: CTP	交易合约信息获取完成
2019-02-23 20:45:12,791  INFO: CTA策略载入成功
2019-02-23 20:45:12,797  INFO: CTA_STRATEGY	BollFltStrategy_ni_15min:BollFltStrategy_ni_15min策略初始化
2019-02-23 20:45:12,797  INFO: CTA_STRATEGY	BollFltStrategy_ni_15min:BollFltStrategy_ni_15min读取合约参数
2019-02-23 20:45:14,764  INFO: CTA_STRATEGY	BollFltStrategy_ZC_30min:BollFltStrategy_ZC_30min策略初始化
2019-02-23 20:45:14,765  INFO: CTA_STRATEGY	BollFltStrategy_ZC_30min:BollFltStrategy_ZC_30min读取合约参数
2019-02-23 20:45:16,243  INFO: CTA_STRATEGY	DoubleMaStrategy_bu_Daily:DoubleMaStrategy_bu_Daily策略初始化
2019-02-23 20:45:16,244  INFO: CTA_STRATEGY	DoubleMaStrategy_bu_Daily:DoubleMaStrategy_bu_Daily读取合约参数
2019-02-23 20:45:17,733  INFO: CTA_STRATEGY	DoubleMaStrategy_hc_15min:DoubleMaStrategy_hc_15min策略初始化
2019-02-23 20:45:17,733  INFO: CTA_STRATEGY	DoubleMaStrategy_hc_15min:DoubleMaStrategy_hc_15min读取合约参数
2019-02-23 20:45:19,183  INFO: CTA_STRATEGY	DoubleMaStrategy_TA_15min:DoubleMaStrategy_TA_15min策略初始化
2019-02-23 20:45:19,184  INFO: CTA_STRATEGY	DoubleMaStrategy_TA_15min:DoubleMaStrategy_TA_15min读取合约参数
2019-02-23 20:45:20,839  INFO: CTA_STRATEGY	BollFltStrategy_i_15min:BollFltStrategy_i_15min策略初始化
2019-02-23 20:45:20,840  INFO: CTA_STRATEGY	BollFltStrategy_i_15min:BollFltStrategy_i_15min读取合约参数
2019-02-23 20:45:22,519  INFO: CTA_STRATEGY	BollFltStrategy_jd_15min:BollFltStrategy_jd_15min策略初始化
2019-02-23 20:45:22,519  INFO: CTA_STRATEGY	BollFltStrategy_jd_15min:BollFltStrategy_jd_15min读取合约参数
2019-02-23 20:45:23,521  INFO: CTA_STRATEGY	BollFltStrategy_rb_15min:BollFltStrategy_rb_15min策略初始化
2019-02-23 20:45:23,521  INFO: CTA_STRATEGY	BollFltStrategy_rb_15min:BollFltStrategy_rb_15min读取合约参数
2019-02-23 20:45:25,140  INFO: CTA_STRATEGY	DoubleMaStrategy_MA_Daily:DoubleMaStrategy_MA_Daily策略初始化
2019-02-23 20:45:25,140  INFO: CTA_STRATEGY	DoubleMaStrategy_MA_Daily:DoubleMaStrategy_MA_Daily读取合约参数
2019-02-23 20:45:26,323  INFO: CTA_STRATEGY	DoubleMaStrategy_SR_15min:DoubleMaStrategy_SR_15min策略初始化
2019-02-23 20:45:26,323  INFO: CTA_STRATEGY	DoubleMaStrategy_SR_15min:DoubleMaStrategy_SR_15min读取合约参数
2019-02-23 20:45:27,869  INFO: CTA_STRATEGY	BollFltStrategy_c_Daily:BollFltStrategy_c_Daily策略初始化
2019-02-23 20:45:27,870  INFO: CTA_STRATEGY	BollFltStrategy_c_Daily:BollFltStrategy_c_Daily读取合约参数
2019-02-23 20:45:29,368  INFO: CTA_STRATEGY	BollFltStrategy_fu_15min:BollFltStrategy_fu_15min策略初始化
2019-02-23 20:45:29,368  INFO: CTA_STRATEGY	BollFltStrategy_fu_15min:BollFltStrategy_fu_15min读取合约参数
2019-02-23 20:45:30,960  INFO: CTA策略初始化成功
2019-02-23 20:45:30,961  INFO: CTA策略启动成功
2019-02-23 20:45:30,961  INFO: CTA_STRATEGY	BollFltStrategy_ni_15min:BollFltStrategy_ni_15min策略启动
2019-02-23 20:45:30,961  INFO: CTA_STRATEGY	BollFltStrategy_ZC_30min:BollFltStrategy_ZC_30min策略启动
2019-02-23 20:45:30,961  INFO: CTA_STRATEGY	DoubleMaStrategy_bu_Daily:DoubleMaStrategy_bu_Daily策略启动
2019-02-23 20:45:30,961  INFO: CTA_STRATEGY	DoubleMaStrategy_hc_15min:DoubleMaStrategy_hc_15min策略启动
2019-02-23 20:45:30,961  INFO: CTA_STRATEGY	DoubleMaStrategy_TA_15min:DoubleMaStrategy_TA_15min策略启动
2019-02-23 20:45:30,961  INFO: CTA_STRATEGY	BollFltStrategy_i_15min:BollFltStrategy_i_15min策略启动
2019-02-23 20:45:30,962  INFO: CTA_STRATEGY	BollFltStrategy_jd_15min:BollFltStrategy_jd_15min策略启动
2019-02-23 20:45:30,962  INFO: CTA_STRATEGY	BollFltStrategy_rb_15min:BollFltStrategy_rb_15min策略启动
2019-02-23 20:45:30,962  INFO: CTA_STRATEGY	DoubleMaStrategy_MA_Daily:DoubleMaStrategy_MA_Daily策略启动
2019-02-23 20:45:30,962  INFO: CTA_STRATEGY	DoubleMaStrategy_SR_15min:DoubleMaStrategy_SR_15min策略启动
2019-02-23 20:45:30,962  INFO: CTA_STRATEGY	BollFltStrategy_c_Daily:BollFltStrategy_c_Daily策略启动
2019-02-23 20:45:30,962  INFO: CTA_STRATEGY	BollFltStrategy_fu_15min:BollFltStrategy_fu_15min策略启动
2019-02-23 23:01:14,643  INFO: CTP	行情服务器连接断开
2019-02-23 23:01:14,647  INFO: CTP	行情服务器连接成功
2019-02-23 23:01:14,665  INFO: CTP	行情服务器登录完成
2019-02-23 23:02:00,674  INFO: CTP	交易服务器连接断开
2019-02-23 23:02:00,675  INFO: CTP	交易服务器连接成功
2019-02-23 23:02:00,708  INFO: CTP	交易服务器登录完成
2019-02-23 23:02:00,775  INFO: CTP	结算信息确认完成
2019-02-23 23:02:00,909  INFO: CTP	交易合约信息获取完成
